2025-07-28 21:00:15:678  [main] INFO  testCases.TC_002_LoginTest - Clicked on 'My Account' link
2025-07-28 21:00:16:116  [main] INFO  testCases.TC_002_LoginTest - Clicked on 'Login' link
2025-07-28 21:00:16:121  [main] INFO  testCases.TC_002_LoginTest - Providing user credentials.....
2025-07-28 21:00:17:460  [main] INFO  testCases.TC_002_LoginTest - ********Finished TC_002_LoginTest********
2025-07-28 21:01:45:006  [main] DEBUG org.testng.TestNG - suiteXmlPath: "C:\Users\soumyadeep.majumder\eclipse-workspace\OpenCartV123\master.xml"
2025-07-28 21:01:45:556  [main] INFO  org.testng.internal.Utils - [TestNG] Running:
  C:\Users\soumyadeep.majumder\eclipse-workspace\OpenCartV123\master.xml

2025-07-28 21:01:52:859  [main] INFO  testCases.TC_001_AccountRegistrationTest - ****** Starting TC_001_AccounRegistrationTest *******
2025-07-28 21:01:53:759  [main] INFO  testCases.TC_001_AccountRegistrationTest - Clicked on 'My Account' link
2025-07-28 21:01:54:423  [main] INFO  testCases.TC_001_AccountRegistrationTest - Clicked on 'Register' link
2025-07-28 21:01:54:427  [main] INFO  testCases.TC_001_AccountRegistrationTest - Providing customer details.....
2025-07-28 21:01:56:413  [main] INFO  testCases.TC_001_AccountRegistrationTest - Validating expected message......
2025-07-28 21:01:56:508  [main] INFO  testCases.TC_001_AccountRegistrationTest - ****** Finished TC_001_AccounRegistrationTest *******
2025-07-28 21:02:00:530  [main] INFO  testCases.TC_002_LoginTest - ************Starting TC_002_LoginTest***********
2025-07-28 21:02:00:841  [main] INFO  testCases.TC_002_LoginTest - Clicked on 'My Account' link
2025-07-28 21:02:01:243  [main] INFO  testCases.TC_002_LoginTest - Clicked on 'Login' link
2025-07-28 21:02:01:247  [main] INFO  testCases.TC_002_LoginTest - Providing user credentials.....
2025-07-28 21:02:02:483  [main] INFO  testCases.TC_002_LoginTest - ********Finished TC_002_LoginTest********
2025-07-28 21:03:53:205  [main] DEBUG org.testng.TestNG - suiteXmlPath: "C:\Users\soumyadeep.majumder\eclipse-workspace\OpenCartV123\crossbrowsertesting.xml"
2025-07-28 21:03:53:522  [main] INFO  org.testng.internal.Utils - [TestNG] Running:
  C:\Users\soumyadeep.majumder\eclipse-workspace\OpenCartV123\crossbrowsertesting.xml

2025-07-28 21:03:53:659  [TestNG-tests-2] INFO  testCases.TC_001_AccountRegistrationTest - ****** Starting TC_001_AccounRegistrationTest *******
2025-07-28 21:03:58:354  [TestNG-tests-3] INFO  testCases.TC_001_AccountRegistrationTest - ****** Starting TC_001_AccounRegistrationTest *******
2025-07-28 21:04:05:174  [TestNG-tests-1] INFO  testCases.TC_001_AccountRegistrationTest - ****** Starting TC_001_AccounRegistrationTest *******
2025-07-28 21:04:05:417  [TestNG-tests-1] INFO  testCases.TC_001_AccountRegistrationTest - Clicked on 'My Account' link
2025-07-28 21:04:05:857  [TestNG-tests-1] INFO  testCases.TC_001_AccountRegistrationTest - Clicked on 'Register' link
2025-07-28 21:04:05:862  [TestNG-tests-1] INFO  testCases.TC_001_AccountRegistrationTest - Providing customer details.....
2025-07-28 21:04:08:191  [TestNG-tests-1] INFO  testCases.TC_001_AccountRegistrationTest - Validating expected message......
2025-07-28 21:04:08:249  [TestNG-tests-1] INFO  testCases.TC_001_AccountRegistrationTest - ****** Finished TC_001_AccounRegistrationTest *******
2025-07-28 21:04:08:924  [TestNG-tests-3] INFO  testCases.TC_001_AccountRegistrationTest - Clicked on 'My Account' link
2025-07-28 21:04:19:455  [TestNG-tests-3] INFO  testCases.TC_001_AccountRegistrationTest - Clicked on 'Register' link
2025-07-28 21:04:19:459  [TestNG-tests-3] INFO  testCases.TC_001_AccountRegistrationTest - Providing customer details.....
2025-07-28 21:19:30:499  [main] DEBUG org.testng.TestNG - suiteXmlPath: "C:\Users\soumyadeep.majumder\eclipse-workspace\OpenCartV123\master.xml"
2025-07-28 21:19:31:034  [main] INFO  org.testng.internal.Utils - [TestNG] Running:
  C:\Users\soumyadeep.majumder\eclipse-workspace\OpenCartV123\master.xml

2025-07-28 21:19:38:047  [main] INFO  testCases.TC_001_AccountRegistrationTest - ****** Starting TC_001_AccounRegistrationTest *******
2025-07-28 21:19:39:162  [main] INFO  testCases.TC_001_AccountRegistrationTest - Clicked on 'My Account' link
2025-07-28 21:19:43:651  [main] INFO  testCases.TC_001_AccountRegistrationTest - Clicked on 'Register' link
2025-07-28 21:19:43:797  [main] INFO  testCases.TC_001_AccountRegistrationTest - Providing customer details.....
2025-07-28 21:19:45:773  [main] INFO  testCases.TC_001_AccountRegistrationTest - Validating expected message......
2025-07-28 21:19:46:724  [main] INFO  testCases.TC_001_AccountRegistrationTest - ****** Finished TC_001_AccounRegistrationTest *******
2025-07-28 21:19:50:331  [main] INFO  testCases.TC_002_LoginTest - ************Starting TC_002_LoginTest***********
2025-07-28 21:19:51:531  [main] INFO  testCases.TC_002_LoginTest - Clicked on 'My Account' link
2025-07-28 21:19:51:928  [main] INFO  testCases.TC_002_LoginTest - Clicked on 'Login' link
