2025-07-17 23:29:23:544  [main] DEBUG org.apache.poi.openxml4j.opc.PackageRelationshipCollection - Parsing relationship: /_rels/.rels
2025-07-17 23:29:24:110  [main] DEBUG org.apache.poi.openxml4j.opc.PackageRelationshipCollection - Parsing relationship: /xl/_rels/workbook.xml.rels
2025-07-17 23:29:24:113  [main] DEBUG org.apache.poi.openxml4j.opc.PackageRelationshipCollection - Parsing relationship: /xl/worksheets/_rels/sheet1.xml.rels
2025-07-17 23:29:24:119  [main] DEBUG org.apache.poi.openxml4j.opc.PackageRelationshipCollection - Parsing relationship: /_rels/.rels
2025-07-17 23:29:24:214  [main] DEBUG org.apache.poi.openxml4j.opc.PackageRelationshipCollection - Parsing relationship: /xl/_rels/workbook.xml.rels
2025-07-17 23:29:24:216  [main] DEBUG org.apache.poi.openxml4j.opc.PackageRelationshipCollection - Parsing relationship: /xl/worksheets/_rels/sheet1.xml.rels
2025-07-17 23:29:24:219  [main] DEBUG org.apache.poi.openxml4j.opc.PackageRelationshipCollection - Parsing relationship: /_rels/.rels
2025-07-17 23:29:24:284  [main] DEBUG org.apache.poi.openxml4j.opc.PackageRelationshipCollection - Parsing relationship: /xl/_rels/workbook.xml.rels
2025-07-17 23:29:24:285  [main] DEBUG org.apache.poi.openxml4j.opc.PackageRelationshipCollection - Parsing relationship: /xl/worksheets/_rels/sheet1.xml.rels
2025-07-17 23:29:24:286  [main] DEBUG org.apache.poi.openxml4j.opc.PackageRelationshipCollection - Parsing relationship: /_rels/.rels
2025-07-17 23:29:24:334  [main] DEBUG org.apache.poi.openxml4j.opc.PackageRelationshipCollection - Parsing relationship: /xl/_rels/workbook.xml.rels
2025-07-17 23:29:24:336  [main] DEBUG org.apache.poi.openxml4j.opc.PackageRelationshipCollection - Parsing relationship: /xl/worksheets/_rels/sheet1.xml.rels
2025-07-17 23:29:24:337  [main] DEBUG org.apache.poi.openxml4j.opc.PackageRelationshipCollection - Parsing relationship: /_rels/.rels
2025-07-17 23:29:24:374  [main] DEBUG org.apache.poi.openxml4j.opc.PackageRelationshipCollection - Parsing relationship: /xl/_rels/workbook.xml.rels
2025-07-17 23:29:24:376  [main] DEBUG org.apache.poi.openxml4j.opc.PackageRelationshipCollection - Parsing relationship: /xl/worksheets/_rels/sheet1.xml.rels
2025-07-17 23:29:24:378  [main] DEBUG org.apache.poi.openxml4j.opc.PackageRelationshipCollection - Parsing relationship: /_rels/.rels
2025-07-18 00:23:14:971  [main] DEBUG org.testng.TestNG - suiteXmlPath: "C:\Users\soumyadeep.majumder\eclipse-workspace\OpenCartV123\grouping.xml"
2025-07-18 00:23:15:466  [main] INFO  org.testng.internal.Utils - [TestNG] Running:
  C:\Users\soumyadeep.majumder\eclipse-workspace\OpenCartV123\grouping.xml

2025-07-18 00:23:22:018  [main] INFO  testCases.TC_001_AccountRegistrationTest - ****** Starting TC_001_AccounRegistrationTest *******
2025-07-18 00:23:22:887  [main] INFO  testCases.TC_001_AccountRegistrationTest - Clicked on 'My Account' link
2025-07-18 00:23:23:429  [main] INFO  testCases.TC_001_AccountRegistrationTest - Clicked on 'Register' link
2025-07-18 00:23:23:433  [main] INFO  testCases.TC_001_AccountRegistrationTest - Providing customer details.....
2025-07-18 00:23:24:979  [main] INFO  testCases.TC_001_AccountRegistrationTest - Validating expected message......
2025-07-18 00:23:25:045  [main] INFO  testCases.TC_001_AccountRegistrationTest - ****** Finished TC_001_AccounRegistrationTest *******
2025-07-18 00:23:29:224  [main] INFO  testCases.TC_002_LoginTest - ************Starting TC_002_LoginTest***********
2025-07-18 00:23:29:875  [main] INFO  testCases.TC_002_LoginTest - Clicked on 'My Account' link
2025-07-18 00:23:30:240  [main] INFO  testCases.TC_002_LoginTest - Clicked on 'Login' link
2025-07-18 00:23:30:244  [main] INFO  testCases.TC_002_LoginTest - Providing user credentials.....
2025-07-18 00:23:31:531  [main] INFO  testCases.TC_002_LoginTest - ********Finished TC_002_LoginTest********
2025-07-18 00:23:54:976  [main] DEBUG org.testng.TestNG - suiteXmlPath: "C:\Users\soumyadeep.majumder\eclipse-workspace\OpenCartV123\grouping.xml"
2025-07-18 00:23:55:313  [main] INFO  org.testng.internal.Utils - [TestNG] Running:
  C:\Users\soumyadeep.majumder\eclipse-workspace\OpenCartV123\grouping.xml

2025-07-18 00:23:59:158  [main] INFO  testCases.TC_002_LoginTest - ************Starting TC_002_LoginTest***********
2025-07-18 00:23:59:767  [main] INFO  testCases.TC_002_LoginTest - Clicked on 'My Account' link
2025-07-18 00:24:00:100  [main] INFO  testCases.TC_002_LoginTest - Clicked on 'Login' link
2025-07-18 00:24:00:105  [main] INFO  testCases.TC_002_LoginTest - Providing user credentials.....
2025-07-18 00:24:01:189  [main] INFO  testCases.TC_002_LoginTest - ********Finished TC_002_LoginTest********
2025-07-18 00:24:23:911  [main] DEBUG org.testng.TestNG - suiteXmlPath: "C:\Users\soumyadeep.majumder\eclipse-workspace\OpenCartV123\grouping.xml"
2025-07-18 00:24:24:220  [main] INFO  org.testng.internal.Utils - [TestNG] Running:
  C:\Users\soumyadeep.majumder\eclipse-workspace\OpenCartV123\grouping.xml

